<?xml version="1.0" encoding="UTF-8"?>
<!-- Generated by org.testng.reporters.JUnitReportReporter -->
<testsuite hostname="zjh" name="cn.Wolf.testScripts.LoginTest" tests="3" failures="0" timestamp="13 Dec 2016 09:33:35 GMT" time="25.721" errors="0">
  <testcase name="loginTest" time="12.861" classname="cn.Wolf.testScripts.LoginTest"/>
  <testcase name="loginTest" time="6.452" classname="cn.Wolf.testScripts.LoginTest"/>
  <testcase name="loginTest" time="6.408" classname="cn.Wolf.testScripts.LoginTest"/>
</testsuite> <!-- cn.Wolf.testScripts.LoginTest -->
