<?xml version="1.0" encoding="UTF-8"?>
<!-- Generated by org.testng.reporters.JUnitReportReporter -->
<testsuite hostname="zjh" name="cn.Wolf.testScripts.MovieTest" tests="1" failures="0" timestamp="6 Nov 2016 07:25:57 GMT" time="20.236" errors="0">
  <testcase name="test2" time="20.236" classname="cn.Wolf.testScripts.MovieTest"/>
</testsuite> <!-- cn.Wolf.testScripts.MovieTest -->
