<?xml version="1.0" encoding="UTF-8"?>
<!-- Generated by org.testng.reporters.JUnitReportReporter -->
<testsuite hostname="Lenovo-PC" name="cn.Wolf.testScripts.Shopcar" tests="7" failures="0" timestamp="23 Nov 2016 01:12:14 GMT" time="75.679" errors="0">
  <testcase name="Shopcarbalance" time="11.932" classname="cn.Wolf.testScripts.Shopcar"/>
  <testcase name="ShopcarAddnum" time="11.852" classname="cn.Wolf.testScripts.Shopcar"/>
  <testcase name="ShopcarSize" time="12.029" classname="cn.Wolf.testScripts.Shopcar"/>
  <testcase name="ShopcarColour" time="12.000" classname="cn.Wolf.testScripts.Shopcar"/>
  <testcase name="ShopcarCut" time="7.517" classname="cn.Wolf.testScripts.Shopcar"/>
  <testcase name="ShopcarChoose" time="14.192" classname="cn.Wolf.testScripts.Shopcar"/>
  <testcase name="ShopcarInputnum" time="6.157" classname="cn.Wolf.testScripts.Shopcar"/>
</testsuite> <!-- cn.Wolf.testScripts.Shopcar -->
