<?xml version="1.0" encoding="UTF-8"?>
<!-- Generated by org.testng.reporters.JUnitReportReporter -->
<testsuite hostname="zjh" name="cn.Wolf.utils.MailTest" tests="1" failures="0" timestamp="13 Dec 2016 08:47:35 GMT" time="1.795" errors="0">
  <testcase name="one" time="1.795" classname="cn.Wolf.utils.MailTest"/>
</testsuite> <!-- cn.Wolf.utils.MailTest -->
