<?xml version="1.0" encoding="UTF-8"?>
<!-- Generated by org.testng.reporters.JUnitReportReporter -->
<testsuite hostname="zjh" name="cn.Wolf.testScripts.FrontMyOrderTest" tests="4" failures="0" timestamp="13 Dec 2016 09:33:35 GMT" time="35.595" errors="0">
  <testcase name="shopTest" time="15.443" classname="cn.Wolf.testScripts.FrontMyOrderTest"/>
  <testcase name="deleteTest" time="6.707" classname="cn.Wolf.testScripts.FrontMyOrderTest"/>
  <testcase name="loginTest" time="6.454" classname="cn.Wolf.testScripts.FrontMyOrderTest"/>
  <testcase name="detailTest" time="6.991" classname="cn.Wolf.testScripts.FrontMyOrderTest"/>
</testsuite> <!-- cn.Wolf.testScripts.FrontMyOrderTest -->
