<?xml version="1.0" encoding="UTF-8"?>
<!-- Generated by org.testng.reporters.JUnitReportReporter -->
<testsuite hostname="zjh" name="cn.Wolf.testScripts.BackMallTest" tests="3" failures="0" timestamp="20 Dec 2016 10:03:25 GMT" time="30.126" errors="0">
  <testcase name="loginTest" time="9.154" classname="cn.Wolf.testScripts.BackMallTest"/>
  <testcase name="modifyTest" time="10.296" classname="cn.Wolf.testScripts.BackMallTest"/>
  <testcase name="presentationDiagramTest" time="10.676" classname="cn.Wolf.testScripts.BackMallTest"/>
</testsuite> <!-- cn.Wolf.testScripts.BackMallTest -->
