<?xml version="1.0" encoding="UTF-8"?>
<!-- Generated by org.testng.reporters.JUnitReportReporter -->
<testsuite hostname="Lenovo-PC" name="cn.Wolf.testScripts.Hello" tests="1" failures="0" timestamp="14 Nov 2016 09:24:25 GMT" time="17.653" errors="0">
  <testcase name="logintest" time="17.653" classname="cn.Wolf.testScripts.Hello"/>
</testsuite> <!-- cn.Wolf.testScripts.Hello -->
