<?xml version="1.0" encoding="UTF-8"?>
<!-- Generated by org.testng.reporters.JUnitReportReporter -->
<testsuite hostname="zjh" name="cn.Wolf.testScripts.LoginTest" tests="1" failures="0" timestamp="9 Nov 2016 02:52:07 GMT" time="11.964" errors="0">
  <testcase name="backTest" time="11.964" classname="cn.Wolf.testScripts.LoginTest"/>
</testsuite> <!-- cn.Wolf.testScripts.LoginTest -->
