<?xml version="1.0" encoding="UTF-8"?>
<!-- Generated by org.testng.reporters.JUnitReportReporter -->
<testsuite hostname="fan-dell" name="cn.Wolf.testScripts.BackCommentReplyTest" tests="1" failures="0" timestamp="9 Nov 2016 05:03:47 GMT" time="26.083" errors="0">
  <testcase name="commentlist" time="26.083" classname="cn.Wolf.testScripts.BackCommentReplyTest"/>
</testsuite> <!-- cn.Wolf.testScripts.BackCommentReplyTest -->
