<?xml version="1.0" encoding="UTF-8"?>
<!-- Generated by org.testng.reporters.JUnitReportReporter -->
<testsuite hostname="zjh" name="cn.Wolf.testScripts.RegisterTest" tests="1" failures="0" timestamp="9 Nov 2016 01:59:40 GMT" time="11.312" errors="0">
  <testcase name="registerTest" time="11.312" classname="cn.Wolf.testScripts.RegisterTest"/>
</testsuite> <!-- cn.Wolf.testScripts.RegisterTest -->
