<?xml version="1.0" encoding="UTF-8"?>
<!-- Generated by org.testng.reporters.JUnitReportReporter -->
<testsuite hostname="zjh" name="cn.Wolf.testScripts.EvaluateTest" tests="14" failures="0" timestamp="20 Dec 2016 10:03:25 GMT" time="628.196" errors="0">
  <testcase name="testtwo" time="42.652" classname="cn.Wolf.testScripts.EvaluateTest"/>
  <testcase name="cs" time="46.349" classname="cn.Wolf.testScripts.EvaluateTest"/>
  <testcase name="testthirteen" time="44.910" classname="cn.Wolf.testScripts.EvaluateTest"/>
  <testcase name="testseven" time="46.886" classname="cn.Wolf.testScripts.EvaluateTest"/>
  <testcase name="testeight" time="45.807" classname="cn.Wolf.testScripts.EvaluateTest"/>
  <testcase name="testone" time="44.038" classname="cn.Wolf.testScripts.EvaluateTest"/>
  <testcase name="testthree" time="41.476" classname="cn.Wolf.testScripts.EvaluateTest"/>
  <testcase name="testtwelve" time="45.443" classname="cn.Wolf.testScripts.EvaluateTest"/>
  <testcase name="testnine" time="43.461" classname="cn.Wolf.testScripts.EvaluateTest"/>
  <testcase name="testfive" time="46.426" classname="cn.Wolf.testScripts.EvaluateTest"/>
  <testcase name="testfour" time="43.565" classname="cn.Wolf.testScripts.EvaluateTest"/>
  <testcase name="testten" time="44.080" classname="cn.Wolf.testScripts.EvaluateTest"/>
  <testcase name="testsix" time="50.064" classname="cn.Wolf.testScripts.EvaluateTest"/>
  <testcase name="testeleven" time="43.039" classname="cn.Wolf.testScripts.EvaluateTest"/>
</testsuite> <!-- cn.Wolf.testScripts.EvaluateTest -->
