<?xml version="1.0" encoding="UTF-8"?>
<!-- Generated by org.testng.reporters.JUnitReportReporter -->
<testsuite hostname="fan-dell" name="cn.Wolf.testScripts.FrontMyOrderTest" tests="4" failures="0" timestamp="21 Dec 2016 00:33:48 GMT" time="54.194" errors="0">
  <testcase name="shopTest" time="27.214" classname="cn.Wolf.testScripts.FrontMyOrderTest"/>
  <testcase name="detailTest" time="7.002" classname="cn.Wolf.testScripts.FrontMyOrderTest"/>
  <testcase name="deleteTest" time="6.882" classname="cn.Wolf.testScripts.FrontMyOrderTest"/>
  <testcase name="loginTest" time="13.096" classname="cn.Wolf.testScripts.FrontMyOrderTest"/>
</testsuite> <!-- cn.Wolf.testScripts.FrontMyOrderTest -->
