<?xml version="1.0" encoding="UTF-8"?>
<!-- Generated by org.testng.reporters.JUnitReportReporter -->
<testsuite hostname="fan-dell" name="cn.Wolf.testScripts.BackCommentCheckBoxTest" tests="1" failures="0" timestamp="9 Nov 2016 05:14:45 GMT" time="27.466" errors="0">
  <testcase name="commentlist" time="27.466" classname="cn.Wolf.testScripts.BackCommentCheckBoxTest"/>
</testsuite> <!-- cn.Wolf.testScripts.BackCommentCheckBoxTest -->
