<?xml version="1.0" encoding="UTF-8"?>
<!-- Generated by org.testng.reporters.JUnitReportReporter -->
<testsuite hostname="zjh" name="cn.Wolf.testScripts.LoginTest" tests="3" failures="0" timestamp="20 Dec 2016 10:03:25 GMT" time="43.161" errors="0">
  <testcase name="loginTest" time="11.927" classname="cn.Wolf.testScripts.LoginTest"/>
  <testcase name="loginTest" time="15.417" classname="cn.Wolf.testScripts.LoginTest"/>
  <testcase name="loginTest" time="15.817" classname="cn.Wolf.testScripts.LoginTest"/>
</testsuite> <!-- cn.Wolf.testScripts.LoginTest -->
