<?xml version="1.0" encoding="UTF-8"?>
<!-- Generated by org.testng.reporters.JUnitReportReporter -->
<testsuite hostname="zjh" name="cn.Wolf.testScripts.BackPresentationDiagramTest" tests="6" failures="0" timestamp="20 Dec 2016 10:03:25 GMT" time="46.084" errors="0">
  <testcase name="addPresentationDiagramTest" time="10.003" classname="cn.Wolf.testScripts.BackPresentationDiagramTest"/>
  <testcase name="newAddTest" time="5.391" classname="cn.Wolf.testScripts.BackPresentationDiagramTest"/>
  <testcase name="alreadyReleasedTest" time="5.397" classname="cn.Wolf.testScripts.BackPresentationDiagramTest"/>
  <testcase name="loginTest" time="9.095" classname="cn.Wolf.testScripts.BackPresentationDiagramTest"/>
  <testcase name="presentationDiagramTest" time="10.870" classname="cn.Wolf.testScripts.BackPresentationDiagramTest"/>
  <testcase name="expiredTest" time="5.328" classname="cn.Wolf.testScripts.BackPresentationDiagramTest"/>
</testsuite> <!-- cn.Wolf.testScripts.BackPresentationDiagramTest -->
