<?xml version="1.0" encoding="UTF-8"?>
<!-- Generated by org.testng.reporters.JUnitReportReporter -->
<testsuite hostname="fan-dell" name="cn.Wolf.testScripts.BackOrderListTest" tests="1" failures="0" timestamp="9 Nov 2016 03:05:43 GMT" time="31.310" errors="0">
  <testcase name="orderlist" time="31.310" classname="cn.Wolf.testScripts.BackOrderListTest"/>
</testsuite> <!-- cn.Wolf.testScripts.BackOrderListTest -->
