<?xml version="1.0" encoding="UTF-8"?>
<!-- Generated by org.testng.reporters.JUnitReportReporter -->
<testsuite hostname="fan-dell" name="cn.Wolf.testScripts.BackCommentDeleteTest" tests="1" failures="0" timestamp="9 Nov 2016 05:47:14 GMT" time="23.017" errors="0">
  <testcase name="commentlist" time="23.017" classname="cn.Wolf.testScripts.BackCommentDeleteTest"/>
</testsuite> <!-- cn.Wolf.testScripts.BackCommentDeleteTest -->
