<?xml version="1.0" encoding="UTF-8"?>
<!-- Generated by org.testng.reporters.JUnitReportReporter -->
<testsuite hostname="zjh" name="cn.Wolf.testScripts.LoginTest" tests="1" failures="0" timestamp="8 Nov 2016 08:40:40 GMT" time="11.523" errors="0">
  <testcase name="registerTest" time="11.523" classname="cn.Wolf.testScripts.LoginTest"/>
</testsuite> <!-- cn.Wolf.testScripts.LoginTest -->
