<?xml version="1.0" encoding="UTF-8"?>
<!-- Generated by org.testng.reporters.JUnitReportReporter -->
<testsuite hostname="zjh" name="cn.Wolf.testScripts.RegisterTest" tests="2" failures="0" timestamp="20 Dec 2016 10:03:25 GMT" time="20.705" errors="0">
  <testcase name="registerTest" time="10.008" classname="cn.Wolf.testScripts.RegisterTest"/>
  <testcase name="registerTest" time="10.697" classname="cn.Wolf.testScripts.RegisterTest"/>
</testsuite> <!-- cn.Wolf.testScripts.RegisterTest -->
