<?xml version="1.0" encoding="UTF-8"?>
<!-- Generated by org.testng.reporters.JUnitReportReporter -->
<testsuite hostname="zjh" name="cn.Wolf.testScripts.Shopcar" tests="7" failures="0" timestamp="20 Dec 2016 10:03:25 GMT" time="67.631" errors="0">
  <testcase name="ShopcarSize" time="18.000" classname="cn.Wolf.testScripts.Shopcar"/>
  <testcase name="ShopcarAddnum" time="11.212" classname="cn.Wolf.testScripts.Shopcar"/>
  <testcase name="ShopcarCut" time="6.325" classname="cn.Wolf.testScripts.Shopcar"/>
  <testcase name="Shopcarbalance" time="10.537" classname="cn.Wolf.testScripts.Shopcar"/>
  <testcase name="ShopcarColour" time="11.164" classname="cn.Wolf.testScripts.Shopcar"/>
  <testcase name="ShopcarChoose" time="5.163" classname="cn.Wolf.testScripts.Shopcar"/>
  <testcase name="ShopcarInputnum" time="5.230" classname="cn.Wolf.testScripts.Shopcar"/>
</testsuite> <!-- cn.Wolf.testScripts.Shopcar -->
