<?xml version="1.0" encoding="UTF-8"?>
<!-- Generated by org.testng.reporters.JUnitReportReporter -->
<testsuite hostname="zjh" name="cn.Wolf.testScripts.FrontPersonalInformationTest" tests="3" failures="0" timestamp="20 Dec 2016 10:03:25 GMT" time="23.569" errors="0">
  <testcase name="personal" time="3.319" classname="cn.Wolf.testScripts.FrontPersonalInformationTest"/>
  <testcase name="frontLogin" time="13.138" classname="cn.Wolf.testScripts.FrontPersonalInformationTest"/>
  <testcase name="addInformation" time="7.112" classname="cn.Wolf.testScripts.FrontPersonalInformationTest"/>
</testsuite> <!-- cn.Wolf.testScripts.FrontPersonalInformationTest -->
