<?xml version="1.0" encoding="UTF-8"?>
<!-- Generated by org.testng.reporters.JUnitReportReporter -->
<testsuite hostname="zjh" name="cn.Wolf.testScripts.EmployeeTest" tests="4" failures="0" timestamp="20 Dec 2016 10:03:25 GMT" time="77.310" errors="0">
  <testcase name="searchTest" time="19.287" classname="cn.Wolf.testScripts.EmployeeTest"/>
  <testcase name="editTest" time="19.339" classname="cn.Wolf.testScripts.EmployeeTest"/>
  <testcase name="xiugaiTest" time="19.574" classname="cn.Wolf.testScripts.EmployeeTest"/>
  <testcase name="watchTest" time="19.110" classname="cn.Wolf.testScripts.EmployeeTest"/>
</testsuite> <!-- cn.Wolf.testScripts.EmployeeTest -->
