<?xml version="1.0" encoding="UTF-8"?>
<!-- Generated by org.testng.reporters.JUnitReportReporter -->
<testsuite hostname="zjh" name="cn.Wolf.testScripts.LoginTest" tests="1" failures="0" timestamp="7 Nov 2016 12:17:37 GMT" time="7.703" errors="0">
  <testcase name="backTest" time="7.703" classname="cn.Wolf.testScripts.LoginTest"/>
</testsuite> <!-- cn.Wolf.testScripts.LoginTest -->
