<?xml version="1.0" encoding="UTF-8"?>
<!-- Generated by org.testng.reporters.JUnitReportReporter -->
<testsuite hostname="zjh" name="cn.Wolf.utils.TestZip" tests="1" failures="0" timestamp="13 Dec 2016 12:25:28 GMT" time="0.083" errors="0">
  <testcase name="nihao" time="0.083" classname="cn.Wolf.utils.TestZip"/>
</testsuite> <!-- cn.Wolf.utils.TestZip -->
